<?xml version="1.0" encoding="UTF-8"?>
<!-- Generated by org.testng.reporters.JUnitXMLReporter -->
<testsuite ignored="5" hostname="DevOpsOperation" failures="1" tests="1" name="Login page - 1 Tests" time="31.855" errors="0" timestamp="17 Jul 2023 12:09:36 GMT">
  <testcase classname="functional.LoginTest" name="loginValid" time="27.121">
    <failure type="com.codeborne.selenide.ex.ElementNotFound" message="Element not found {[data-item-marker=&amp;apos;פרויקטים&amp;apos;]}
Expected: exist
Screenshot: file:/C:/Users/adminIroads/Documents/is-il-automation-2.0/build/reports/tests/functional/LoginTest/loginValid/1689595774454.0.png
Page source: file:/C:/Users/adminIroads/Documents/is-il-automation-2.0/build/reports/tests/functional/LoginTest/loginValid/1689595774454.0.html
Timeout: 5 s.
Caused by: NoSuchElementException: no such element: Unable to locate element: {&amp;quot;method&amp;quot;:&amp;quot;css selector&amp;quot;,&amp;quot;selector&amp;quot;:&amp;quot;[data-item-marker=&amp;apos;פרויקטים&amp;apos;]&amp;quot;}">
      <![CDATA[Element not found {[data-item-marker='פרויקטים']}
Expected: exist
Screenshot: file:/C:/Users/adminIroads/Documents/is-il-automation-2.0/build/reports/tests/functional/LoginTest/loginValid/1689595774454.0.png
Page source: file:/C:/Users/adminIroads/Documents/is-il-automation-2.0/build/reports/tests/functional/LoginTest/loginValid/1689595774454.0.html
Timeout: 5 s.
Caused by: NoSuchElementException: no such element: Unable to locate element: {"method":"css selector","selector":"[data-item-marker='פרויקטים']"}
at com.codeborne.selenide.impl.WebElementSource.createElementNotFoundError(WebElementSource.java:56)
at com.codeborne.selenide.impl.ElementFinder.createElementNotFoundError(ElementFinder.java:136)
at com.codeborne.selenide.impl.WebElementSource.checkCondition(WebElementSource.java:87)
at com.codeborne.selenide.commands.Should.execute(Should.java:30)
at com.codeborne.selenide.commands.Should.execute(Should.java:14)
at com.codeborne.selenide.commands.Commands.execute(Commands.java:153)
at com.codeborne.selenide.impl.SelenideElementProxy.dispatchAndRetry(SelenideElementProxy.java:112)
at com.codeborne.selenide.impl.SelenideElementProxy.invoke(SelenideElementProxy.java:68)
at com.sun.proxy.$Proxy10.shouldBe(Unknown Source)
at pages.MainPage.clickOnProjects(MainPage.java:38)
at functional.LoginTest.loginValid(LoginTest.java:27)
Caused by: org.openqa.selenium.NoSuchElementException: no such element: Unable to locate element: {"method":"css selector","selector":"[data-item-marker='פרויקטים']"}
  (Session info: chrome=114.0.5735.199)
For documentation on this error, please visit: https://www.seleniumhq.org/exceptions/no_such_element.html
Build info: version: '3.141.59', revision: 'e82be7d358', time: '2018-11-14T08:17:03'
System info: host: 'DevOpsOperation', ip: '10.5.0.4', os.name: 'Windows 10', os.arch: 'amd64', os.version: '10.0', java.version: '11.0.2'
Driver info: org.openqa.selenium.chrome.ChromeDriver
Capabilities {acceptInsecureCerts: false, browserName: chrome, browserVersion: 114.0.5735.199, chrome: {chromedriverVersion: 114.0.5735.16 (7e1ff058633f..., userDataDir: C:\Users\ADMINI~1\AppData\L...}, goog:chromeOptions: {debuggerAddress: localhost:62295}, javascriptEnabled: true, networkConnectionEnabled: false, pageLoadStrategy: normal, platform: WINDOWS, platformName: WINDOWS, proxy: Proxy(), setWindowRect: true, strictFileInteractability: false, timeouts: {implicit: 0, pageLoad: 300000, script: 30000}, unhandledPromptBehavior: dismiss and notify, webauthn:extension:credBlob: true, webauthn:extension:largeBlob: true, webauthn:extension:minPinLength: true, webauthn:extension:prf: true, webauthn:virtualAuthenticators: true}
Session ID: 9c2ca81848426c0a103a2eda7f4a8e6f
*** Element info: {Using=css selector, value=[data-item-marker='פרויקטים']}
at org.openqa.selenium.remote.http.W3CHttpResponseCodec.createException(W3CHttpResponseCodec.java:187)
at org.openqa.selenium.remote.http.W3CHttpResponseCodec.decode(W3CHttpResponseCodec.java:122)
at org.openqa.selenium.remote.http.W3CHttpResponseCodec.decode(W3CHttpResponseCodec.java:49)
at org.openqa.selenium.remote.HttpCommandExecutor.execute(HttpCommandExecutor.java:158)
at org.openqa.selenium.remote.service.DriverCommandExecutor.execute(DriverCommandExecutor.java:83)
at org.openqa.selenium.remote.RemoteWebDriver.execute(RemoteWebDriver.java:552)
at org.openqa.selenium.remote.RemoteWebDriver.findElement(RemoteWebDriver.java:323)
at org.openqa.selenium.remote.RemoteWebDriver.findElementByCssSelector(RemoteWebDriver.java:420)
at org.openqa.selenium.By$ByCssSelector.findElement(By.java:431)
at org.openqa.selenium.remote.RemoteWebDriver.findElement(RemoteWebDriver.java:315)
at com.codeborne.selenide.impl.WebElementSelector.findElement(WebElementSelector.java:65)
at com.codeborne.selenide.impl.WebElementSelector.findElement(WebElementSelector.java:40)
at com.codeborne.selenide.impl.ElementFinder.getWebElement(ElementFinder.java:104)
at com.codeborne.selenide.impl.WebElementSource.checkCondition(WebElementSource.java:72)
... 37 more
... Removed 33 stack frames]]>
    </failure>
  </testcase> <!-- loginValid -->
  <testcase classname="functional.LoginTest" name="wrongUsername" time="0.0">
    <ignored/>
  </testcase> <!-- wrongUsername -->
  <testcase classname="functional.LoginTest" name="wrongUserna" time="0.0">
    <ignored/>
  </testcase> <!-- wrongUserna -->
  <testcase classname="functional.LoginTest" name="errorMessage" time="0.0">
    <ignored/>
  </testcase> <!-- errorMessage -->
  <testcase classname="functional.LoginTest" name="wrongPassword" time="0.0">
    <ignored/>
  </testcase> <!-- wrongPassword -->
  <testcase classname="functional.LoginTest" name="wrongCode" time="0.0">
    <ignored/>
  </testcase> <!-- wrongCode -->
</testsuite> <!-- Login page - 1 Tests -->
